<?xml version="1.0" encoding="UTF-8"?>
<testng-results ignored="0" total="8" passed="8" failed="0" skipped="0">
  <reporter-output>
  </reporter-output>
  <suite started-at="2023-06-08T14:20:16 IST" name="Default suite" finished-at="2023-06-08T14:21:46 IST" duration-ms="89716">
    <groups>
      <group name="cucumber">
        <method signature="AbstractTestNGCucumberTests.runScenario(io.cucumber.testng.PickleWrapper,io.cucumber.testng.FeatureWrapper)[pri:0, instance:testrunner.LandingPage_TestRunner@2cb4893b]" name="runScenario" class="io.cucumber.testng.AbstractTestNGCucumberTests"/>
        <method signature="AbstractTestNGCucumberTests.runScenario(io.cucumber.testng.PickleWrapper,io.cucumber.testng.FeatureWrapper)[pri:0, instance:testrunner.MarketPlace1_Excel_TestRunner@5524cca1]" name="runScenario" class="io.cucumber.testng.AbstractTestNGCucumberTests"/>
        <method signature="AbstractTestNGCucumberTests.runScenario(io.cucumber.testng.PickleWrapper,io.cucumber.testng.FeatureWrapper)[pri:0, instance:testrunner.MarketPlace1_TestRunner@1a75e76a]" name="runScenario" class="io.cucumber.testng.AbstractTestNGCucumberTests"/>
      </group> <!-- cucumber -->
    </groups>
    <test started-at="2023-06-08T14:20:16 IST" name="Default test" finished-at="2023-06-08T14:21:46 IST" duration-ms="89716">
      <class name="testrunner.LandingPage_TestRunner">
        <test-method is-config="true" signature="setUpClass(org.testng.ITestContext)[pri:0, instance:testrunner.LandingPage_TestRunner@2cb4893b]" started-at="2023-06-08T14:20:16 IST" name="setUpClass" finished-at="2023-06-08T14:20:16 IST" duration-ms="521" status="PASS">
          <params>
            <param index="0">
              <value>
                <![CDATA[org.testng.TestRunner@55c46ec1]]>
              </value>
            </param>
          </params>
          <reporter-output>
          </reporter-output>
        </test-method> <!-- setUpClass -->
        <test-method signature="runScenario(io.cucumber.testng.PickleWrapper,io.cucumber.testng.FeatureWrapper)[pri:0, instance:testrunner.LandingPage_TestRunner@2cb4893b]" started-at="2023-06-08T14:20:17 IST" name="runScenario" description="Runs Cucumber Scenarios" data-provider="scenarios" finished-at="2023-06-08T14:20:26 IST" duration-ms="9711" status="PASS">
          <params>
            <param index="0">
              <value>
                <![CDATA["Validate user Navigates to marketplace page"]]>
              </value>
            </param>
            <param index="1">
              <value>
                <![CDATA["Marketplace"]]>
              </value>
            </param>
          </params>
          <reporter-output>
          </reporter-output>
        </test-method> <!-- runScenario -->
        <test-method signature="runScenario(io.cucumber.testng.PickleWrapper,io.cucumber.testng.FeatureWrapper)[pri:0, instance:testrunner.LandingPage_TestRunner@2cb4893b]" started-at="2023-06-08T14:20:26 IST" name="runScenario" description="Runs Cucumber Scenarios" data-provider="scenarios" finished-at="2023-06-08T14:20:32 IST" duration-ms="5617" status="PASS">
          <params>
            <param index="0">
              <value>
                <![CDATA["View the marketplace page UI"]]>
              </value>
            </param>
            <param index="1">
              <value>
                <![CDATA["Marketplace"]]>
              </value>
            </param>
          </params>
          <reporter-output>
          </reporter-output>
        </test-method> <!-- runScenario -->
        <test-method signature="runScenario(io.cucumber.testng.PickleWrapper,io.cucumber.testng.FeatureWrapper)[pri:0, instance:testrunner.LandingPage_TestRunner@2cb4893b]" started-at="2023-06-08T14:20:32 IST" name="runScenario" description="Runs Cucumber Scenarios" data-provider="scenarios" finished-at="2023-06-08T14:20:47 IST" duration-ms="15594" status="PASS">
          <params>
            <param index="0">
              <value>
                <![CDATA["View the marketplace page Functionality"]]>
              </value>
            </param>
            <param index="1">
              <value>
                <![CDATA["Marketplace"]]>
              </value>
            </param>
          </params>
          <reporter-output>
          </reporter-output>
        </test-method> <!-- runScenario -->
        <test-method is-config="true" signature="tearDownClass()[pri:0, instance:testrunner.LandingPage_TestRunner@2cb4893b]" started-at="2023-06-08T14:20:47 IST" name="tearDownClass" finished-at="2023-06-08T14:20:47 IST" duration-ms="67" status="PASS">
          <reporter-output>
          </reporter-output>
        </test-method> <!-- tearDownClass -->
      </class> <!-- testrunner.LandingPage_TestRunner -->
      <class name="testrunner.MarketPlace1_TestRunner">
        <test-method is-config="true" signature="setUpClass(org.testng.ITestContext)[pri:0, instance:testrunner.MarketPlace1_TestRunner@1a75e76a]" started-at="2023-06-08T14:20:47 IST" name="setUpClass" finished-at="2023-06-08T14:20:48 IST" duration-ms="27" status="PASS">
          <params>
            <param index="0">
              <value>
                <![CDATA[org.testng.TestRunner@55c46ec1]]>
              </value>
            </param>
          </params>
          <reporter-output>
          </reporter-output>
        </test-method> <!-- setUpClass -->
        <test-method signature="runScenario(io.cucumber.testng.PickleWrapper,io.cucumber.testng.FeatureWrapper)[pri:0, instance:testrunner.MarketPlace1_TestRunner@1a75e76a]" started-at="2023-06-08T14:20:48 IST" name="runScenario" description="Runs Cucumber Scenarios" data-provider="scenarios" finished-at="2023-06-08T14:21:00 IST" duration-ms="12571" status="PASS">
          <params>
            <param index="0">
              <value>
                <![CDATA["Validate Search Functionality with Valid data"]]>
              </value>
            </param>
            <param index="1">
              <value>
                <![CDATA["Marketplace"]]>
              </value>
            </param>
          </params>
          <reporter-output>
          </reporter-output>
        </test-method> <!-- runScenario -->
        <test-method signature="runScenario(io.cucumber.testng.PickleWrapper,io.cucumber.testng.FeatureWrapper)[pri:0, instance:testrunner.MarketPlace1_TestRunner@1a75e76a]" started-at="2023-06-08T14:21:00 IST" name="runScenario" description="Runs Cucumber Scenarios" data-provider="scenarios" finished-at="2023-06-08T14:21:11 IST" duration-ms="11045" status="PASS">
          <params>
            <param index="0">
              <value>
                <![CDATA["Validate Search Functionality with Valid data"]]>
              </value>
            </param>
            <param index="1">
              <value>
                <![CDATA["Marketplace"]]>
              </value>
            </param>
          </params>
          <reporter-output>
          </reporter-output>
        </test-method> <!-- runScenario -->
        <test-method signature="runScenario(io.cucumber.testng.PickleWrapper,io.cucumber.testng.FeatureWrapper)[pri:0, instance:testrunner.MarketPlace1_TestRunner@1a75e76a]" started-at="2023-06-08T14:21:11 IST" name="runScenario" description="Runs Cucumber Scenarios" data-provider="scenarios" finished-at="2023-06-08T14:21:24 IST" duration-ms="12782" status="PASS">
          <params>
            <param index="0">
              <value>
                <![CDATA["Validate Search Functionality with InValid data"]]>
              </value>
            </param>
            <param index="1">
              <value>
                <![CDATA["Marketplace"]]>
              </value>
            </param>
          </params>
          <reporter-output>
          </reporter-output>
        </test-method> <!-- runScenario -->
        <test-method is-config="true" signature="tearDownClass()[pri:0, instance:testrunner.MarketPlace1_TestRunner@1a75e76a]" started-at="2023-06-08T14:21:24 IST" name="tearDownClass" finished-at="2023-06-08T14:21:24 IST" duration-ms="20" status="PASS">
          <reporter-output>
          </reporter-output>
        </test-method> <!-- tearDownClass -->
      </class> <!-- testrunner.MarketPlace1_TestRunner -->
      <class name="testrunner.MarketPlace1_Excel_TestRunner">
        <test-method is-config="true" signature="setUpClass(org.testng.ITestContext)[pri:0, instance:testrunner.MarketPlace1_Excel_TestRunner@5524cca1]" started-at="2023-06-08T14:21:24 IST" name="setUpClass" finished-at="2023-06-08T14:21:24 IST" duration-ms="11" status="PASS">
          <params>
            <param index="0">
              <value>
                <![CDATA[org.testng.TestRunner@55c46ec1]]>
              </value>
            </param>
          </params>
          <reporter-output>
          </reporter-output>
        </test-method> <!-- setUpClass -->
        <test-method signature="runScenario(io.cucumber.testng.PickleWrapper,io.cucumber.testng.FeatureWrapper)[pri:0, instance:testrunner.MarketPlace1_Excel_TestRunner@5524cca1]" started-at="2023-06-08T14:21:24 IST" name="runScenario" description="Runs Cucumber Scenarios" data-provider="scenarios" finished-at="2023-06-08T14:21:35 IST" duration-ms="11123" status="PASS">
          <params>
            <param index="0">
              <value>
                <![CDATA["Validate Search Functionality with Valid data"]]>
              </value>
            </param>
            <param index="1">
              <value>
                <![CDATA["Excel"]]>
              </value>
            </param>
          </params>
          <reporter-output>
          </reporter-output>
        </test-method> <!-- runScenario -->
        <test-method signature="runScenario(io.cucumber.testng.PickleWrapper,io.cucumber.testng.FeatureWrapper)[pri:0, instance:testrunner.MarketPlace1_Excel_TestRunner@5524cca1]" started-at="2023-06-08T14:21:35 IST" name="runScenario" description="Runs Cucumber Scenarios" data-provider="scenarios" finished-at="2023-06-08T14:21:46 IST" duration-ms="10569" status="PASS">
          <params>
            <param index="0">
              <value>
                <![CDATA["Validate Search Functionality with Valid data"]]>
              </value>
            </param>
            <param index="1">
              <value>
                <![CDATA["Excel"]]>
              </value>
            </param>
          </params>
          <reporter-output>
          </reporter-output>
        </test-method> <!-- runScenario -->
        <test-method is-config="true" signature="tearDownClass()[pri:0, instance:testrunner.MarketPlace1_Excel_TestRunner@5524cca1]" started-at="2023-06-08T14:21:46 IST" name="tearDownClass" finished-at="2023-06-08T14:21:46 IST" duration-ms="20" status="PASS">
          <reporter-output>
          </reporter-output>
        </test-method> <!-- tearDownClass -->
      </class> <!-- testrunner.MarketPlace1_Excel_TestRunner -->
    </test> <!-- Default test -->
  </suite> <!-- Default suite -->
</testng-results>
